# JRE version: Java(TM) SE Runtime Environment (8.0_241-b07) (build 1.8.0_241-b07)
# Java VM: Java HotSpot(TM) 64-Bit Server VM (25.241-b07 mixed mode windows-amd64 compressed oops)
Heap:
 PSYoungGen      total 324096K, used 103389K [0x00000000d5d80000, 0x00000000f2080000, 0x0000000100000000)
  eden space 313344K, 29% used [0x00000000d5d80000,0x00000000db7f7b50,0x00000000e8f80000)
  from space 10752K, 99% used [0x00000000e8f80000,0x00000000e99ff990,0x00000000e9a00000)
  to   space 13824K, 0% used [0x00000000f1300000,0x00000000f1300000,0x00000000f2080000)
 ParOldGen       total 71680K, used 17384K [0x0000000081800000, 0x0000000085e00000, 0x00000000d5d80000)
  object space 71680K, 24% used [0x0000000081800000,0x00000000828fa280,0x0000000085e00000)
 Metaspace       used 44439K, capacity 46512K, committed 46680K, reserved 1089536K
  class space    used 5733K, capacity 6146K, committed 6232K, reserved 1048576K
GC Heap History (10 events):
Event: 4.429 GC heap before
{Heap before GC invocations=9 (full 1):
 PSYoungGen      total 140288K, used 137585K [0x00000000d5d80000, 0x00000000e4b80000, 0x0000000100000000)
  eden space 133120K, 100% used [0x00000000d5d80000,0x00000000ddf80000,0x00000000ddf80000)
  from space 7168K, 62% used [0x00000000ddf80000,0x00000000de3dc568,0x00000000de680000)
  to   space 7168K, 0% used [0x00000000e4480000,0x00000000e4480000,0x00000000e4b80000)
 ParOldGen       total 49152K, used 5247K [0x0000000081800000, 0x0000000084800000, 0x00000000d5d80000)
  object space 49152K, 10% used [0x0000000081800000,0x0000000081d1fdd8,0x0000000084800000)
 Metaspace       used 23521K, capacity 24444K, committed 24704K, reserved 1071104K
  class space    used 2932K, capacity 3144K, committed 3200K, reserved 1048576K
Event: 4.433 GC heap after
Heap after GC invocations=9 (full 1):
 PSYoungGen      total 229376K, used 3014K [0x00000000d5d80000, 0x00000000e4880000, 0x0000000100000000)
  eden space 225280K, 0% used [0x00000000d5d80000,0x00000000d5d80000,0x00000000e3980000)
  from space 4096K, 73% used [0x00000000e4480000,0x00000000e47718e8,0x00000000e4880000)
  to   space 7680K, 0% used [0x00000000e3980000,0x00000000e3980000,0x00000000e4100000)
 ParOldGen       total 49152K, used 5255K [0x0000000081800000, 0x0000000084800000, 0x00000000d5d80000)
  object space 49152K, 10% used [0x0000000081800000,0x0000000081d21dd8,0x0000000084800000)
 Metaspace       used 23521K, capacity 24444K, committed 24704K, reserved 1071104K
  class space    used 2932K, capacity 3144K, committed 3200K, reserved 1048576K
}
Event: 6.754 GC heap before
{Heap before GC invocations=10 (full 1):
 PSYoungGen      total 229376K, used 228294K [0x00000000d5d80000, 0x00000000e4880000, 0x0000000100000000)
  eden space 225280K, 100% used [0x00000000d5d80000,0x00000000e3980000,0x00000000e3980000)
  from space 4096K, 73% used [0x00000000e4480000,0x00000000e47718e8,0x00000000e4880000)
  to   space 7680K, 0% used [0x00000000e3980000,0x00000000e3980000,0x00000000e4100000)
 ParOldGen       total 49152K, used 5255K [0x0000000081800000, 0x0000000084800000, 0x00000000d5d80000)
  object space 49152K, 10% used [0x0000000081800000,0x0000000081d21dd8,0x0000000084800000)
 Metaspace       used 33196K, capacity 34550K, committed 34816K, reserved 1079296K
  class space    used 4206K, capacity 4481K, committed 4608K, reserved 1048576K
Event: 6.772 GC heap after
Heap after GC invocations=10 (full 1):
 PSYoungGen      total 232960K, used 7676K [0x00000000d5d80000, 0x00000000ea500000, 0x0000000100000000)
  eden space 225280K, 0% used [0x00000000d5d80000,0x00000000d5d80000,0x00000000e3980000)
  from space 7680K, 99% used [0x00000000e3980000,0x00000000e40ff080,0x00000000e4100000)
  to   space 11264K, 0% used [0x00000000e9a00000,0x00000000e9a00000,0x00000000ea500000)
 ParOldGen       total 49152K, used 12132K [0x0000000081800000, 0x0000000084800000, 0x00000000d5d80000)
  object space 49152K, 24% used [0x0000000081800000,0x00000000823d9040,0x0000000084800000)
 Metaspace       used 33196K, capacity 34550K, committed 34816K, reserved 1079296K
  class space    used 4206K, capacity 4481K, committed 4608K, reserved 1048576K
}
Event: 6.907 GC heap before
{Heap before GC invocations=11 (full 1):
 PSYoungGen      total 232960K, used 27577K [0x00000000d5d80000, 0x00000000ea500000, 0x0000000100000000)
  eden space 225280K, 8% used [0x00000000d5d80000,0x00000000d70ef498,0x00000000e3980000)
  from space 7680K, 99% used [0x00000000e3980000,0x00000000e40ff080,0x00000000e4100000)
  to   space 11264K, 0% used [0x00000000e9a00000,0x00000000e9a00000,0x00000000ea500000)
 ParOldGen       total 49152K, used 12132K [0x0000000081800000, 0x0000000084800000, 0x00000000d5d80000)
  object space 49152K, 24% used [0x0000000081800000,0x00000000823d9040,0x0000000084800000)
 Metaspace       used 33925K, capacity 35254K, committed 35416K, reserved 1079296K
  class space    used 4333K, capacity 4609K, committed 4696K, reserved 1048576K
Event: 6.917 GC heap after
Heap after GC invocations=11 (full 1):
 PSYoungGen      total 324608K, used 6381K [0x00000000d5d80000, 0x00000000eae00000, 0x0000000100000000)
  eden space 313344K, 0% used [0x00000000d5d80000,0x00000000d5d80000,0x00000000e8f80000)
  from space 11264K, 56% used [0x00000000e9a00000,0x00000000ea03b6e0,0x00000000ea500000)
  to   space 10752K, 0% used [0x00000000e8f80000,0x00000000e8f80000,0x00000000e9a00000)
 ParOldGen       total 49152K, used 13763K [0x0000000081800000, 0x0000000084800000, 0x00000000d5d80000)
  object space 49152K, 28% used [0x0000000081800000,0x0000000082570fe8,0x0000000084800000)
 Metaspace       used 33925K, capacity 35254K, committed 35416K, reserved 1079296K
  class space    used 4333K, capacity 4609K, committed 4696K, reserved 1048576K
}
Event: 6.917 GC heap before
{Heap before GC invocations=12 (full 2):
 PSYoungGen      total 324608K, used 6381K [0x00000000d5d80000, 0x00000000eae00000, 0x0000000100000000)
  eden space 313344K, 0% used [0x00000000d5d80000,0x00000000d5d80000,0x00000000e8f80000)
  from space 11264K, 56% used [0x00000000e9a00000,0x00000000ea03b6e0,0x00000000ea500000)
  to   space 10752K, 0% used [0x00000000e8f80000,0x00000000e8f80000,0x00000000e9a00000)
 ParOldGen       total 49152K, used 13763K [0x0000000081800000, 0x0000000084800000, 0x00000000d5d80000)
  object space 49152K, 28% used [0x0000000081800000,0x0000000082570fe8,0x0000000084800000)
 Metaspace       used 33925K, capacity 35254K, committed 35416K, reserved 1079296K
  class space    used 4333K, capacity 4609K, committed 4696K, reserved 1048576K
Event: 6.974 GC heap after
Heap after GC invocations=12 (full 2):
 PSYoungGen      total 324608K, used 0K [0x00000000d5d80000, 0x00000000eae00000, 0x0000000100000000)
  eden space 313344K, 0% used [0x00000000d5d80000,0x00000000d5d80000,0x00000000e8f80000)
  from space 11264K, 0% used [0x00000000e9a00000,0x00000000e9a00000,0x00000000ea500000)
  to   space 10752K, 0% used [0x00000000e8f80000,0x00000000e8f80000,0x00000000e9a00000)
 ParOldGen       total 71680K, used 12241K [0x0000000081800000, 0x0000000085e00000, 0x00000000d5d80000)
  object space 71680K, 17% used [0x0000000081800000,0x00000000823f4748,0x0000000085e00000)
 Metaspace       used 33925K, capacity 35254K, committed 35416K, reserved 1079296K
  class space    used 4333K, capacity 4609K, committed 4696K, reserved 1048576K
}
Event: 9.607 GC heap before
{Heap before GC invocations=13 (full 2):
 PSYoungGen      total 324608K, used 313344K [0x00000000d5d80000, 0x00000000eae00000, 0x0000000100000000)
  eden space 313344K, 100% used [0x00000000d5d80000,0x00000000e8f80000,0x00000000e8f80000)
  from space 11264K, 0% used [0x00000000e9a00000,0x00000000e9a00000,0x00000000ea500000)
  to   space 10752K, 0% used [0x00000000e8f80000,0x00000000e8f80000,0x00000000e9a00000)
 ParOldGen       total 71680K, used 12241K [0x0000000081800000, 0x0000000085e00000, 0x00000000d5d80000)
  object space 71680K, 17% used [0x0000000081800000,0x00000000823f4748,0x0000000085e00000)
 Metaspace       used 42527K, capacity 44296K, committed 44632K, reserved 1087488K
  class space    used 5536K, capacity 5894K, committed 5976K, reserved 1048576K
Event: 9.628 GC heap after
Heap after GC invocations=13 (full 2):
 PSYoungGen      total 324096K, used 10750K [0x00000000d5d80000, 0x00000000f2080000, 0x0000000100000000)
  eden space 313344K, 0% used [0x00000000d5d80000,0x00000000d5d80000,0x00000000e8f80000)
  from space 10752K, 99% used [0x00000000e8f80000,0x00000000e99ff990,0x00000000e9a00000)
  to   space 13824K, 0% used [0x00000000f1300000,0x00000000f1300000,0x00000000f2080000)
 ParOldGen       total 71680K, used 17384K [0x0000000081800000, 0x0000000085e00000, 0x00000000d5d80000)
  object space 71680K, 24% used [0x0000000081800000,0x00000000828fa280,0x0000000085e00000)
 Metaspace       used 42527K, capacity 44296K, committed 44632K, reserved 1087488K
  class space    used 5536K, capacity 5894K, committed 5976K, reserved 1048576K
}

